chapter_3/build/intermediates/manifest_merge_blame_file/debug/manifest-merger-blame-debug-report.txt
1<?xml version="1.0" encoding="utf-8"?>
2<manifest xmlns:android="http://schemas.android.com/apk/res/android"
3    package="com.ryg.chapter_3"
4    android:versionCode="1"
5    android:versionName="1.0" >
6
7    <uses-sdk
8        android:minSdkVersion="24"
8-->src\main\AndroidManifest.xml
9        android:targetSdkVersion="30" />
9-->src\main\AndroidManifest.xml
10
11    <application
11-->src\main\AndroidManifest.xml:7:5-48:19
12        android:allowBackup="true"
12-->src\main\AndroidManifest.xml:8:9-35
13        android:appComponentFactory="androidx.core.app.CoreComponentFactory"
13-->[androidx.core:core:1.3.1] AndroidManifest.xml:24:18-86
14        android:debuggable="true"
15        android:extractNativeLibs="false"
16        android:icon="@drawable/ic_launcher"
16-->src\main\AndroidManifest.xml:9:9-45
17        android:label="@string/app_name"
17-->src\main\AndroidManifest.xml:10:9-41
18        android:testOnly="true"
19        android:theme="@style/AppTheme" >
19-->src\main\AndroidManifest.xml:11:9-40
20        <activity
20-->src\main\AndroidManifest.xml:12:9-15:44
21            android:name="com.ryg.chapter_3.TestTwoLayerConflictActivity"
21-->src\main\AndroidManifest.xml:12:19-63
22            android:configChanges="orientation|screenSize"
22-->src\main\AndroidManifest.xml:13:13-59
23            android:label="@string/app_name"
23-->src\main\AndroidManifest.xml:14:13-45
24            android:launchMode="standard" />
24-->src\main\AndroidManifest.xml:15:13-42
25        <activity
25-->src\main\AndroidManifest.xml:16:9-19:44
26            android:name="com.ryg.chapter_3.StickNavActivity"
26-->src\main\AndroidManifest.xml:16:19-51
27            android:configChanges="orientation|screenSize"
27-->src\main\AndroidManifest.xml:17:13-59
28            android:label="@string/app_name"
28-->src\main\AndroidManifest.xml:18:13-45
29            android:launchMode="standard" />
29-->src\main\AndroidManifest.xml:19:13-42
30        <activity
30-->src\main\AndroidManifest.xml:20:9-24:45
31            android:name="com.ryg.chapter_3.TestActivity"
31-->src\main\AndroidManifest.xml:21:13-41
32            android:configChanges="orientation|screenSize"
32-->src\main\AndroidManifest.xml:22:13-59
33            android:label="@string/app_name"
33-->src\main\AndroidManifest.xml:23:13-45
34            android:launchMode="standard" />
34-->src\main\AndroidManifest.xml:24:13-42
35        <activity
35-->src\main\AndroidManifest.xml:25:9-29:45
36            android:name="com.ryg.chapter_3.DemoActivity_1"
36-->src\main\AndroidManifest.xml:26:13-43
37            android:configChanges="screenLayout"
37-->src\main\AndroidManifest.xml:27:13-49
38            android:label="@string/title_scene_1"
38-->src\main\AndroidManifest.xml:28:13-50
39            android:launchMode="standard" />
39-->src\main\AndroidManifest.xml:29:13-42
40        <activity
40-->src\main\AndroidManifest.xml:30:9-34:45
41            android:name="com.ryg.chapter_3.DemoActivity_2"
41-->src\main\AndroidManifest.xml:31:13-43
42            android:configChanges="screenLayout"
42-->src\main\AndroidManifest.xml:32:13-49
43            android:label="@string/title_scene_1"
43-->src\main\AndroidManifest.xml:33:13-50
44            android:launchMode="standard" />
44-->src\main\AndroidManifest.xml:34:13-42
45        <activity
45-->src\main\AndroidManifest.xml:35:9-38:48
46            android:name="com.ryg.chapter_3.ThirdActivity"
46-->src\main\AndroidManifest.xml:36:13-42
47            android:configChanges="screenLayout"
47-->src\main\AndroidManifest.xml:37:13-49
48            android:label="@string/app_name" />
48-->src\main\AndroidManifest.xml:38:13-45
49        <activity
49-->src\main\AndroidManifest.xml:39:9-47:20
50            android:name="com.ryg.chapter_3.MainActivity"
50-->src\main\AndroidManifest.xml:40:13-41
51            android:label="@string/app_name" >
51-->src\main\AndroidManifest.xml:41:13-45
52            <intent-filter>
52-->src\main\AndroidManifest.xml:42:13-46:29
53                <action android:name="android.intent.action.MAIN" />
53-->src\main\AndroidManifest.xml:43:17-69
53-->src\main\AndroidManifest.xml:43:25-66
54
55                <category android:name="android.intent.category.LAUNCHER" />
55-->src\main\AndroidManifest.xml:45:17-77
55-->src\main\AndroidManifest.xml:45:27-74
56            </intent-filter>
57        </activity>
58    </application>
59
60</manifest>